<?xml version="1.0" encoding="UTF-8"?>
<!-- Generated by org.testng.reporters.JUnitReportReporter -->
<testsuite skipped="0" hostname="PC" name="TestNG.addressbook" tests="1" failures="0" timestamp="23 Feb 2019 16:49:26 GMT" time="20.002" errors="0">
  <testcase name="verifyaddbook" time="20.002" classname="TestNG.addressbook"/>
</testsuite> <!-- TestNG.addressbook -->
